running egg_info
creating build/mitsubishi/mitsubishi.egg-info
writing build/mitsubishi/mitsubishi.egg-info/PKG-INFO
writing dependency_links to build/mitsubishi/mitsubishi.egg-info/dependency_links.txt
writing entry points to build/mitsubishi/mitsubishi.egg-info/entry_points.txt
writing requirements to build/mitsubishi/mitsubishi.egg-info/requires.txt
writing top-level names to build/mitsubishi/mitsubishi.egg-info/top_level.txt
writing manifest file 'build/mitsubishi/mitsubishi.egg-info/SOURCES.txt'
reading manifest file 'build/mitsubishi/mitsubishi.egg-info/SOURCES.txt'
writing manifest file 'build/mitsubishi/mitsubishi.egg-info/SOURCES.txt'
running build
running build_py
creating /home/mscrobotics2425laptop17/ros2_tutorial_workspace/src/mitsubishi/build/mitsubishi/build
creating /home/mscrobotics2425laptop17/ros2_tutorial_workspace/src/mitsubishi/build/mitsubishi/build/lib
creating /home/mscrobotics2425laptop17/ros2_tutorial_workspace/src/mitsubishi/build/mitsubishi/build/lib/mitsubishi
copying mitsubishi/suspension.py -> /home/mscrobotics2425laptop17/ros2_tutorial_workspace/src/mitsubishi/build/mitsubishi/build/lib/mitsubishi
copying mitsubishi/__init__.py -> /home/mscrobotics2425laptop17/ros2_tutorial_workspace/src/mitsubishi/build/mitsubishi/build/lib/mitsubishi
running install
running install_lib
creating /home/mscrobotics2425laptop17/ros2_tutorial_workspace/src/mitsubishi/install/mitsubishi/lib/python3.10/site-packages/mitsubishi
copying /home/mscrobotics2425laptop17/ros2_tutorial_workspace/src/mitsubishi/build/mitsubishi/build/lib/mitsubishi/suspension.py -> /home/mscrobotics2425laptop17/ros2_tutorial_workspace/src/mitsubishi/install/mitsubishi/lib/python3.10/site-packages/mitsubishi
copying /home/mscrobotics2425laptop17/ros2_tutorial_workspace/src/mitsubishi/build/mitsubishi/build/lib/mitsubishi/__init__.py -> /home/mscrobotics2425laptop17/ros2_tutorial_workspace/src/mitsubishi/install/mitsubishi/lib/python3.10/site-packages/mitsubishi
byte-compiling /home/mscrobotics2425laptop17/ros2_tutorial_workspace/src/mitsubishi/install/mitsubishi/lib/python3.10/site-packages/mitsubishi/suspension.py to suspension.cpython-310.pyc
byte-compiling /home/mscrobotics2425laptop17/ros2_tutorial_workspace/src/mitsubishi/install/mitsubishi/lib/python3.10/site-packages/mitsubishi/__init__.py to __init__.cpython-310.pyc
running install_data
creating /home/mscrobotics2425laptop17/ros2_tutorial_workspace/src/mitsubishi/install/mitsubishi/share/ament_index
creating /home/mscrobotics2425laptop17/ros2_tutorial_workspace/src/mitsubishi/install/mitsubishi/share/ament_index/resource_index
creating /home/mscrobotics2425laptop17/ros2_tutorial_workspace/src/mitsubishi/install/mitsubishi/share/ament_index/resource_index/packages
copying resource/mitsubishi -> /home/mscrobotics2425laptop17/ros2_tutorial_workspace/src/mitsubishi/install/mitsubishi/share/ament_index/resource_index/packages
copying package.xml -> /home/mscrobotics2425laptop17/ros2_tutorial_workspace/src/mitsubishi/install/mitsubishi/share/mitsubishi
running install_egg_info
Copying build/mitsubishi/mitsubishi.egg-info to /home/mscrobotics2425laptop17/ros2_tutorial_workspace/src/mitsubishi/install/mitsubishi/lib/python3.10/site-packages/mitsubishi-0.0.0-py3.10.egg-info
running install_scripts
Installing suspension script to /home/mscrobotics2425laptop17/ros2_tutorial_workspace/src/mitsubishi/install/mitsubishi/lib/mitsubishi
writing list of installed files to '/home/mscrobotics2425laptop17/ros2_tutorial_workspace/src/mitsubishi/build/mitsubishi/install.log'
